timestamp: 2015-02-23T08:19:34.189000
CREATE TABLE auth_user(
    id SERIAL PRIMARY KEY,
    first_name VARCHAR(128),
    last_name VARCHAR(128),
    email VARCHAR(512),
    password VARCHAR(512),
    registration_key VARCHAR(512),
    reset_password_key VARCHAR(512),
    registration_id VARCHAR(512)
);
success!
timestamp: 2015-02-23T08:19:34.209000
CREATE TABLE auth_group(
    id SERIAL PRIMARY KEY,
    role VARCHAR(512),
    description TEXT
);
success!
timestamp: 2015-02-23T08:19:34.224000
CREATE TABLE auth_membership(
    id SERIAL PRIMARY KEY,
    user_id INTEGER REFERENCES auth_user (id) ON DELETE CASCADE,
    group_id INTEGER REFERENCES auth_group (id) ON DELETE CASCADE
);
success!
timestamp: 2015-02-23T08:19:34.239000
CREATE TABLE auth_permission(
    id SERIAL PRIMARY KEY,
    group_id INTEGER REFERENCES auth_group (id) ON DELETE CASCADE,
    name VARCHAR(512),
    table_name VARCHAR(512),
    record_id INTEGER
);
success!
timestamp: 2015-02-23T08:19:34.255000
CREATE TABLE auth_event(
    id SERIAL PRIMARY KEY,
    time_stamp TIMESTAMP,
    client_ip VARCHAR(512),
    user_id INTEGER REFERENCES auth_user (id) ON DELETE CASCADE,
    origin VARCHAR(512),
    description TEXT
);
success!
timestamp: 2015-02-23T08:19:34.270000
CREATE TABLE auth_cas(
    id SERIAL PRIMARY KEY,
    user_id INTEGER REFERENCES auth_user (id) ON DELETE CASCADE,
    created_on TIMESTAMP,
    service VARCHAR(512),
    ticket VARCHAR(512),
    renew CHAR(1)
);
success!
timestamp: 2015-02-23T08:19:34.293000
CREATE TABLE paciente(
    id SERIAL PRIMARY KEY,
    nr_registro INTEGER,
    matricula_hugg INTEGER,
    nome VARCHAR(512),
    data DATE,
    ficha_nr INTEGER,
    enfermaria VARCHAR(512),
    leito VARCHAR(512),
    idade INTEGER,
    asa VARCHAR(512),
    clinica VARCHAR(512),
    so VARCHAR(512),
    dados_cadastrais_e CHAR(1),
    dados_cadastrais_sexo VARCHAR(512),
    altura FLOAT8,
    peso FLOAT8,
    temperatura FLOAT8,
    pulso INTEGER,
    respiracao INTEGER,
    pa VARCHAR(512),
    diagnostico VARCHAR(512),
    dados_cirurgia_anterior VARCHAR(512),
    tabagismo CHAR(1),
    asma CHAR(1),
    tosse CHAR(1),
    dpoc CHAR(1),
    bk_insuficiencia CHAR(1),
    derrame_pleural CHAR(1),
    circunferencia_toraxica CHAR(1),
    has CHAR(1),
    icc CHAR(1),
    anglina CHAR(1),
    iam CHAR(1),
    valvulopalla CHAR(1),
    marcapasso CHAR(1),
    arritmias CHAR(1),
    insuf_venosa CHAR(1),
    diabetes CHAR(1),
    hipertireoidismo CHAR(1),
    endocrinopalias CHAR(1),
    cirrose CHAR(1),
    hepatite_a CHAR(1),
    hepatite_b CHAR(1),
    hepatite_c CHAR(1),
    elilismo CHAR(1),
    hiv CHAR(1),
    infeccoes_oportunistas CHAR(1),
    insuf_renal CHAR(1),
    hemodialise_peritoneal CHAR(1),
    disturbios_hemorragicos CHAR(1),
    avc_previo CHAR(1),
    doencas_psiquiatricas CHAR(1),
    doencas_neuromuscular CHAR(1),
    doencas_reumaticas CHAR(1),
    alteracao_neurologica CHAR(1),
    hemotransfusao_previa CHAR(1),
    obs_gerais TEXT,
    medicamentos_em_uso VARCHAR(512),
    alergias VARCHAR(512),
    cirurgias_previas VARCHAR(512),
    mallampati VARCHAR(512),
    abertura_boca CHAR(1),
    dentes_falhos CHAR(1),
    protese CHAR(1),
    macroglossia CHAR(1),
    distancia_esterno_mento VARCHAR(512),
    pescoco_curto_longo VARCHAR(512),
    mobilidade_cervical VARCHAR(512),
    massa_cervical CHAR(1),
    desvio_traqueia CHAR(1),
    distancia_mento_hiloide VARCHAR(512),
    circunferencia_cervical VARCHAR(512),
    dificuldade_intubacao CHAR(1),
    via_aerea_dificil CHAR(1),
    historia_de_anafilaxia CHAR(1),
    estomago_cheio CHAR(1),
    corticoide CHAR(1),
    endocardite_bacteriana CHAR(1),
    hb VARCHAR(512),
    ht VARCHAR(512),
    hm VARCHAR(512),
    plaquetas VARCHAR(512),
    glicose VARCHAR(512),
    u VARCHAR(512),
    cr VARCHAR(512),
    na VARCHAR(512),
    k VARCHAR(512),
    duracao_procedimento VARCHAR(512),
    duracao_cirurgia VARCHAR(512),
    cardioscopio CHAR(1),
    ox_digital CHAR(1),
    pni CHAR(1),
    painv CHAR(1),
    capnografo CHAR(1),
    an_gases CHAR(1),
    outros_monitorizacao VARCHAR(512),
    tec_geral CHAR(1),
    plexo CHAR(1),
    bloqueio_neuroeixo CHAR(1),
    combinada CHAR(1),
    sedacao CHAR(1),
    sub_mascara CHAR(1),
    canula_naso CHAR(1),
    canula_orofaringea CHAR(1),
    mascara_laringea CHAR(1),
    nr_mascara_laringea VARCHAR(512),
    intubacao_oro_traqueal CHAR(1),
    agente1 VARCHAR(512),
    agente2 VARCHAR(512),
    agente3 VARCHAR(512),
    agente4 VARCHAR(512),
    agente5 VARCHAR(512),
    agente6 VARCHAR(512),
    agente7 VARCHAR(512),
    agente8 VARCHAR(512),
    agente9 VARCHAR(512),
    agente10 VARCHAR(512),
    diametro_tubo VARCHAR(512),
    tipo_naso CHAR(1),
    tipo_aramado CHAR(1),
    dupla_luz CHAR(1),
    balao CHAR(1),
    laringoscopia CHAR(1),
    broncofibroscopia CHAR(1),
    estilete_luminoso CHAR(1),
    videolaringoscopia CHAR(1),
    cirurgia VARCHAR(512),
    anestesia VARCHAR(512),
    cirurgiao VARCHAR(512)
);
success!
